<?xml version="1.0" encoding="UTF-8"?>
<testng-results skipped="0" failed="0" total="2" passed="2">
  <reporter-output>
  </reporter-output>
  <suite name="Default suite" duration-ms="47" started-at="2017-11-21T06:00:10Z" finished-at="2017-11-21T06:00:10Z">
    <groups>
    </groups>
    <test name="Default test" duration-ms="47" started-at="2017-11-21T06:00:10Z" finished-at="2017-11-21T06:00:10Z">
      <class name="TestNGAnnotationsDemo">
        <test-method status="PASS" signature="meth5()[pri:0, instance:TestNGAnnotationsDemo@5419f379]" name="meth5" is-config="true" duration-ms="10" started-at="2017-11-21T00:00:10Z" finished-at="2017-11-21T00:00:10Z">
          <reporter-output>
          </reporter-output>
        </test-method> <!-- meth5 -->
        <test-method status="PASS" signature="meth1()[pri:0, instance:TestNGAnnotationsDemo@5419f379]" name="meth1" is-config="true" duration-ms="1" started-at="2017-11-21T00:00:10Z" finished-at="2017-11-21T00:00:10Z">
          <reporter-output>
          </reporter-output>
        </test-method> <!-- meth1 -->
        <test-method status="PASS" signature="meth7()[pri:0, instance:TestNGAnnotationsDemo@5419f379]" name="meth7" duration-ms="8" started-at="2017-11-21T00:00:10Z" finished-at="2017-11-21T00:00:10Z">
          <reporter-output>
          </reporter-output>
        </test-method> <!-- meth7 -->
        <test-method status="PASS" signature="meth3()[pri:0, instance:TestNGAnnotationsDemo@5419f379]" name="meth3" is-config="true" duration-ms="0" started-at="2017-11-21T00:00:10Z" finished-at="2017-11-21T00:00:10Z">
          <reporter-output>
          </reporter-output>
        </test-method> <!-- meth3 -->
        <test-method status="PASS" signature="meth4()[pri:0, instance:TestNGAnnotationsDemo@5419f379]" name="meth4" is-config="true" duration-ms="0" started-at="2017-11-21T00:00:10Z" finished-at="2017-11-21T00:00:10Z">
          <reporter-output>
          </reporter-output>
        </test-method> <!-- meth4 -->
        <test-method status="PASS" signature="meth3()[pri:0, instance:TestNGAnnotationsDemo@5419f379]" name="meth3" is-config="true" duration-ms="1" started-at="2017-11-21T00:00:10Z" finished-at="2017-11-21T00:00:10Z">
          <reporter-output>
          </reporter-output>
        </test-method> <!-- meth3 -->
        <test-method status="PASS" signature="meth8()[pri:0, instance:TestNGAnnotationsDemo@5419f379]" name="meth8" duration-ms="3" started-at="2017-11-21T00:00:10Z" finished-at="2017-11-21T00:00:10Z">
          <reporter-output>
          </reporter-output>
        </test-method> <!-- meth8 -->
        <test-method status="PASS" signature="meth4()[pri:0, instance:TestNGAnnotationsDemo@5419f379]" name="meth4" is-config="true" duration-ms="1" started-at="2017-11-21T00:00:10Z" finished-at="2017-11-21T00:00:10Z">
          <reporter-output>
          </reporter-output>
        </test-method> <!-- meth4 -->
        <test-method status="PASS" signature="meth2()[pri:0, instance:TestNGAnnotationsDemo@5419f379]" name="meth2" is-config="true" duration-ms="0" started-at="2017-11-21T00:00:10Z" finished-at="2017-11-21T00:00:10Z">
          <reporter-output>
          </reporter-output>
        </test-method> <!-- meth2 -->
        <test-method status="PASS" signature="meth6()[pri:0, instance:TestNGAnnotationsDemo@5419f379]" name="meth6" is-config="true" duration-ms="1" started-at="2017-11-21T00:00:10Z" finished-at="2017-11-21T00:00:10Z">
          <reporter-output>
          </reporter-output>
        </test-method> <!-- meth6 -->
      </class> <!-- TestNGAnnotationsDemo -->
    </test> <!-- Default test -->
  </suite> <!-- Default suite -->
</testng-results>
